<?xml version="1.0" encoding="UTF-8"?>
<!-- Generated by org.testng.reporters.JUnitReportReporter -->
<testsuite hostname="REM-5CG2133JR1" failures="0" tests="1" name="LoginPage.MyTestCases" time="0.756" errors="0" timestamp="2025-07-19T10:25:04 EET" skipped="0">
  <testcase classname="LoginPage.MyTestCases" name="SignUp" time="0.756"/>
</testsuite> <!-- LoginPage.MyTestCases -->
