<?xml version="1.0" encoding="UTF-8"?>
<!-- Generated by org.testng.reporters.JUnitReportReporter -->
<testsuite hostname="REM-5CG2133JR1" failures="0" tests="1" name="LoginPage.MyTestCases" time="1.453" errors="0" timestamp="2025-07-23T12:16:48 EET" skipped="0">
  <testcase classname="LoginPage.MyTestCases" name="SignUp" time="1.453"/>
</testsuite> <!-- LoginPage.MyTestCases -->
